app/build/outputs/mapping/release/seeds.txt
io.github.ohtaeyang95.twa.LauncherActivity
io.github.ohtaeyang95.twa.LauncherActivity: LauncherActivity()
io.github.ohtaeyang95.twa.Application
io.github.ohtaeyang95.twa.Application: Application()
...
com.google.androidbrowserhelper.R$string: int fallback_menu_item_copy_link
com.google.androidbrowserhelper.R$drawable: int notification_template_icon_bg
android.support.v4.app.RemoteActionCompatParcelizer: void write(androidx.core.app.RemoteActionCompat,androidx.versionedparcelable.VersionedParcel)
com.google.androidbrowserhelper.trusted.ManageDataLauncherActivity
androidx.browser.R$dimen: int notification_top_pad_large_text
androidx.core.app.RemoteActionCompat: RemoteActionCompat()
com.google.androidbrowserhelper.trusted.FocusActivity: FocusActivity()
androidx.lifecycle.CompositeGeneratedAdaptersObserver
androidx.browser.browseractions.BrowserActionsFallbackMenuView
androidx.versionedparcelable.ParcelImpl: android.os.Parcelable$Creator CREATOR
androidx.browser.R$dimen: int notification_big_circle_margin
androidx.browser.R$dimen: int notification_small_icon_size_as_large
com.google.androidbrowserhelper.R$string: int fallback_menu_item_open_in_browser
com.google.androidbrowserhelper.R$string: int manage_space_not_supported_toast
androidx.lifecycle.FullLifecycleObserverAdapter
android.support.v4.graphics.drawable.IconCompatParcelizer: void write(androidx.core.graphics.drawable.IconCompat,androidx.versionedparcelable.VersionedParcel)
com.google.androidbrowserhelper.trusted.WebViewFallbackActivity: WebViewFallbackActivity()
androidx.versionedparcelable.ParcelImpl
com.google.androidbrowserhelper.R$drawable: int notification_bg_normal_pressed
androidx.browser.browseractions.BrowserActionsFallbackMenuView: BrowserActionsFallbackMenuView(android.content.Context,android.util.AttributeSet)
android.support.v4.app.RemoteActionCompatParcelizer
androidx.core.app.RemoteActionCompat
com.google.androidbrowserhelper.R$string: int fallback_menu_item_share_link
androidx.versionedparcelable.CustomVersionedParcelable
androidx.core.app.CoreComponentFactory: CoreComponentFactory()
com.google.androidbrowserhelper.R$drawable: int notification_bg_low
androidx.core.content.FileProvider: FileProvider()
androidx.browser.R$dimen: int compat_notification_large_icon_max_width
androidx.browser.R$dimen: int notification_right_side_padding_top
com.google.androidbrowserhelper.R$drawable: int ic_site_settings
com.google.androidbrowserhelper.R$drawable: int notification_bg_low_pressed
androidx.browser.R$dimen: int compat_button_inset_vertical_material
androidx.core.graphics.drawable.IconCompat
androidx.browser.R$dimen: int notification_content_margin_start
com.google.androidbrowserhelper.trusted.DelegationService: DelegationService()
androidx.core.graphics.drawable.IconCompatParcelizer: IconCompatParcelizer()
androidx.annotation.Keep
androidx.browser.R$dimen: int notification_large_icon_height
android.support.v4.app.RemoteActionCompatParcelizer: androidx.core.app.RemoteActionCompat read(androidx.versionedparcelable.VersionedParcel)
com.google.androidbrowserhelper.R$drawable: int notification_template_icon_low_bg
androidx.browser.R$dimen: int compat_button_padding_horizontal_material
com.google.androidbrowserhelper.R$drawable: int notification_action_background
androidx.browser.R$dimen: int notification_action_icon_size
com.google.androidbrowserhelper.R$drawable: int notify_panel_notification_icon_bg
android.support.v4.graphics.drawable.IconCompatParcelizer: androidx.core.graphics.drawable.IconCompat read(androidx.versionedparcelable.VersionedParcel)
androidx.browser.R$dimen: int notification_subtext_size
com.google.androidbrowserhelper.R$string: int update_chrome_toast
com.google.androidbrowserhelper.trusted.ManageDataLauncherActivity: ManageDataLauncherActivity()
androidx.browser.R$dimen: int browser_actions_context_menu_min_padding
androidx.browser.R$dimen: int notification_large_icon_width
androidx.browser.R$dimen: int compat_notification_large_icon_max_height
androidx.lifecycle.ReflectiveGenericLifecycleObserver
androidx.core.content.FileProvider