app/build/outputs/mapping/release/mapping.txt
# compiler: R8
# compiler_version: 2.0.88
# min_api: 19
# pg_map_id: b6b7b71
# common_typos_disable
io.github.ohtaeyang95.twa.LauncherActivity -> io.github.ohtaeyang95.twa.LauncherActivity:
    android.net.Uri getLaunchingUrl() -> d
...
com.google.androidbrowserhelper.trusted.-$$Lambda$TwaLauncher$gs2l5Ay3A0KmZcKSf2KLU2Jn7NA -> com.google.androidbrowserhelper.trusted.d:
    com.google.androidbrowserhelper.trusted.-$$Lambda$TwaLauncher$gs2l5Ay3A0KmZcKSf2KLU2Jn7NA INSTANCE -> a
    void launch(android.content.Context,androidx.browser.trusted.TrustedWebActivityIntentBuilder,java.lang.String,java.lang.Runnable) -> a
com.google.androidbrowserhelper.trusted.-$$Lambda$TwaLauncher$npRr6qK4zOAEydIRgB7pZTPJiUw -> com.google.androidbrowserhelper.trusted.e:
    java.lang.Runnable f$2 -> c
    com.google.androidbrowserhelper.trusted.TwaLauncher f$0 -> a
    androidx.browser.trusted.TrustedWebActivityIntentBuilder f$1 -> b
com.google.androidbrowserhelper.trusted.-$$Lambda$TwaLauncher$yiLzsm37NbSon1-dZ2dCvDJv8wU -> com.google.androidbrowserhelper.trusted.f:
    com.google.androidbrowserhelper.trusted.-$$Lambda$TwaLauncher$yiLzsm37NbSon1-dZ2dCvDJv8wU INSTANCE -> a
    void launch(android.content.Context,androidx.browser.trusted.TrustedWebActivityIntentBuilder,java.lang.String,java.lang.Runnable) -> a
com.google.androidbrowserhelper.trusted.ChromeLegacyUtils -> com.google.androidbrowserhelper.trusted.g:
    java.util.List VERSION_CHECK_CHROME_PACKAGES -> b
    java.util.List SUPPORTED_CHROME_PACKAGES -> a
    java.util.List LOCAL_BUILD_PACKAGES -> c
    boolean checkChromeVersion(android.content.pm.PackageManager,java.lang.String,int) -> a
    int getVersionCode(android.content.pm.PackageManager,java.lang.String) -> b
    boolean supportsLaunchWithoutWarmup(android.content.pm.PackageManager,java.lang.String) -> c
    boolean supportsManageSpaceWithoutWarmupAndValidation(android.content.pm.PackageManager,java.lang.String) -> d
    boolean supportsNavbarAndColorCustomization(android.content.pm.PackageManager,java.lang.String) -> e
    boolean supportsSiteSettings(android.content.pm.PackageManager,java.lang.String) -> f
    boolean supportsTrustedWebActivities(android.content.pm.PackageManager,java.lang.String) -> g
    boolean usesWhiteNavbar(java.lang.String) -> h
com.google.androidbrowserhelper.trusted.ChromeUpdatePrompt -> com.google.androidbrowserhelper.trusted.h:
    boolean chromeNeedsUpdate(android.content.pm.PackageManager,java.lang.String) -> a
    void promptIfNeeded(android.content.Context,java.lang.String) -> b
    void showToastIfResourceExists(android.content.Context,java.lang.String) -> c
com.google.androidbrowserhelper.trusted.DelegationService -> com.google.androidbrowserhelper.trusted.DelegationService:
    androidx.browser.trusted.TokenStore getTokenStore() -> c
com.google.androidbrowserhelper.trusted.FocusActivity -> com.google.androidbrowserhelper.trusted.FocusActivity:
    java.lang.Boolean mActivityExistsCached -> a
    void addToIntent(android.content.Intent,android.content.Context) -> a
com.google.androidbrowserhelper.trusted.LauncherActivity -> com.google.androidbrowserhelper.trusted.i:
    boolean sChromeVersionChecked -> e
    com.google.androidbrowserhelper.trusted.splashscreens.PwaWrapperSplashScreenStrategy mSplashScreenStrategy -> c
    com.google.androidbrowserhelper.trusted.LauncherActivityMetadata mMetadata -> a
    boolean mBrowserWasLaunched -> b
    com.google.androidbrowserhelper.trusted.TwaLauncher mTwaLauncher -> d
    int getColorCompat(int) -> a
    androidx.browser.trusted.TrustedWebActivityDisplayMode getDisplayMode() -> b
    com.google.androidbrowserhelper.trusted.TwaLauncher$FallbackStrategy getFallbackStrategy() -> c
    android.net.Uri getLaunchingUrl() -> d
    android.widget.ImageView$ScaleType getSplashImageScaleType() -> e
    android.graphics.Matrix getSplashImageTransformationMatrix() -> f
    void lambda$onCreate$0() -> g
    boolean restartInNewTask() -> h
    boolean splashScreenNeeded() -> i