app/build/outputs/mapping/release/usage.txt
io.github.ohtaeyang95.twa.R$id
io.github.ohtaeyang95.twa.R$raw
io.github.ohtaeyang95.twa.R
io.github.ohtaeyang95.twa.R$styleable
io.github.ohtaeyang95.twa.R$xml
io.github.ohtaeyang95.twa.R$color
io.github.ohtaeyang95.twa.R$string
io.github.ohtaeyang95.twa.R$dimen
io.github.ohtaeyang95.twa.R$bool
io.github.ohtaeyang95.twa.R$mipmap
io.github.ohtaeyang95.twa.R$attr
io.github.ohtaeyang95.twa.R$layout
io.github.ohtaeyang95.twa.R$style
io.github.ohtaeyang95.twa.R$integer
io.github.ohtaeyang95.twa.R$drawable
io.github.ohtaeyang95.twa.BuildConfig
...
androidx.core.app.NotificationManagerCompat$NotifyTask
androidx.core.content.pm.ShortcutInfoCompat
android.support.customtabs.trusted.ITrustedWebActivityService$Stub:
    public static android.support.customtabs.trusted.ITrustedWebActivityService asInterface(android.os.IBinder)
    private static final java.lang.String DESCRIPTOR
    static final int TRANSACTION_areNotificationsEnabled
    static final int TRANSACTION_notifyNotificationWithChannel
    static final int TRANSACTION_cancelNotification
    static final int TRANSACTION_getActiveNotifications
    static final int TRANSACTION_getSmallIconId
    static final int TRANSACTION_getSmallIconBitmap
androidx.core.view.GestureDetectorCompat$GestureDetectorCompatImplJellybeanMr2
androidx.core.app.ShareCompat
androidx.browser.customtabs.CustomTabsSession$MockSession
androidx.core.content.SharedPreferencesCompat$EditorCompat
androidx.core.content.PermissionChecker
com.google.androidbrowserhelper.R$attr
androidx.core.view.accessibility.AccessibilityNodeProviderCompat$AccessibilityNodeProviderApi16
androidx.core.provider.SelfDestructiveThread$ReplyCallback
androidx.core.view.NestedScrollingParent
androidx.core.app.NotificationCompat$Extender
androidx.lifecycle.MethodCallsLogger
androidx.browser.browseractions.BrowserActionsFallbackMenuUi
androidx.core.app.ActivityRecreator$LifecycleCheckCallbacks
androidx.browser.R$dimen:
    private void <init>()
androidx.core.graphics.TypefaceCompatApi24Impl
androidx.core.text.PrecomputedTextCompat$Params$Builder
androidx.core.provider.FontsContractCompat$4$1
androidx.core.app.NotificationCompatSideChannelService
androidx.core.view.DragStartHelper$OnDragStartListener
androidx.core.view.NestedScrollingChild
androidx.annotation.DrawableRes
androidx.core.app.ServiceCompat$StopForegroundFlags
androidx.core.os.LocaleListInterface
androidx.core.net.ConnectivityManagerCompat
androidx.core.widget.ContentLoadingProgressBar$2
androidx.core.view.LayoutInflaterCompat$Factory2Wrapper
androidx.browser.trusted.sharing.ShareData:
    public void <init>(java.lang.String,java.lang.String,java.util.List)
    public static androidx.browser.trusted.sharing.ShareData fromBundle(android.os.Bundle)
    public final java.lang.String title
    public final java.lang.String text
    public static final java.lang.String KEY_TITLE
    public static final java.lang.String KEY_TEXT
    public static final java.lang.String KEY_URIS
androidx.concurrent.futures.CallbackToFutureAdapter$FutureGarbageCollectedException
androidx.core.view.ViewCompat$AccessibilityPaneVisibilityManager
androidx.core.content.res.ResourcesCompat$FontCallback$2
androidx.annotation.TransitionRes
androidx.browser.browseractions.BrowserActionsFallbackMenuAdapter$ViewHolderItem
androidx.core.view.animation.PathInterpolatorCompat
androidx.lifecycle.CompositeGeneratedAdaptersObserver:
    void <init>(androidx.lifecycle.GeneratedAdapter[])
    public void onStateChanged(androidx.lifecycle.LifecycleOwner,androidx.lifecycle.Lifecycle$Event)
    private final androidx.lifecycle.GeneratedAdapter[] mGeneratedAdapters
androidx.browser.trusted.TrustedWebActivityDisplayMode$DefaultMode:
    private static final int ID
androidx.browser.R$drawable
androidx.core.hardware.fingerprint.FingerprintManagerCompat$AuthenticationCallback
androidx.browser.trusted.sharing.ShareTarget$EncodingType
androidx.core.app.NotificationCompat$CarExtender$UnreadConversation$Builder
androidx.core.app.ComponentActivity$ExtraData
androidx.core.view.accessibility.AccessibilityManagerCompat$AccessibilityStateChangeListener
androidx.core.view.accessibility.AccessibilityViewCommand$MoveWindowArguments
androidx.core.app.ActivityCompat$SharedElementCallback21Impl
androidx.concurrent.futures.AbstractResolvableFuture$Listener
androidx.lifecycle.Lifecycle
androidx.annotation.BinderThread
androidx.core.app.JobIntentService$JobServiceEngineImpl$WrapperWorkItem
androidx.core.view.ViewPropertyAnimatorCompat$ViewPropertyAnimatorListenerApi14